# JRE version: OpenJDK Runtime Environment (8.0_171-b11) (build 1.8.0_171-8u171-b11-0ubuntu0.17.10.1-b11)
# Java VM: OpenJDK Server VM (25.171-b11 mixed mode linux-x86 )
Heap:
 garbage-first heap   total 288768K, used 222200K [0x64e00000, 0x64f00468, 0xa4e00000)
  region size 1024K, 106 young (108544K), 4 survivors (4096K)
 Metaspace       used 95473K, capacity 101779K, committed 101904K, reserved 102704K
GC Heap History (10 events):
Event: 9840,845 GC heap before
{Heap before GC invocations=299 (full 0):
 garbage-first heap   total 288768K, used 165271K [0x64e00000, 0x64f00468, 0xa4e00000)
  region size 1024K, 47 young (48128K), 2 survivors (2048K)
 Metaspace       used 94808K, capacity 100993K, committed 101008K, reserved 101680K
Event: 9840,870 GC heap after
Heap after GC invocations=300 (full 0):
 garbage-first heap   total 288768K, used 113954K [0x64e00000, 0x64f00468, 0xa4e00000)
  region size 1024K, 1 young (1024K), 1 survivors (1024K)
 Metaspace       used 94808K, capacity 100993K, committed 101008K, reserved 101680K
}
Event: 9870,742 GC heap before
{Heap before GC invocations=301 (full 0):
 garbage-first heap   total 288768K, used 259874K [0x64e00000, 0x64f00468, 0xa4e00000)
  region size 1024K, 134 young (137216K), 1 survivors (1024K)
 Metaspace       used 94814K, capacity 100993K, committed 101008K, reserved 101680K
Event: 9870,759 GC heap after
Heap after GC invocations=302 (full 0):
 garbage-first heap   total 288768K, used 114033K [0x64e00000, 0x64f00468, 0xa4e00000)
  region size 1024K, 1 young (1024K), 1 survivors (1024K)
 Metaspace       used 94814K, capacity 100993K, committed 101008K, reserved 101680K
}
Event: 9872,907 GC heap before
{Heap before GC invocations=302 (full 0):
 garbage-first heap   total 288768K, used 127345K [0x64e00000, 0x64f00468, 0xa4e00000)
  region size 1024K, 14 young (14336K), 1 survivors (1024K)
 Metaspace       used 94814K, capacity 100993K, committed 101008K, reserved 101680K
Event: 9872,926 GC heap after
Heap after GC invocations=303 (full 0):
 garbage-first heap   total 288768K, used 112837K [0x64e00000, 0x64f00468, 0xa4e00000)
  region size 1024K, 2 young (2048K), 2 survivors (2048K)
 Metaspace       used 94814K, capacity 100993K, committed 101008K, reserved 101680K
}
Event: 9913,533 GC heap before
{Heap before GC invocations=303 (full 0):
 garbage-first heap   total 288768K, used 254149K [0x64e00000, 0x64f00468, 0xa4e00000)
  region size 1024K, 137 young (140288K), 2 survivors (2048K)
 Metaspace       used 94820K, capacity 100993K, committed 101008K, reserved 101680K
Event: 9913,558 GC heap after
Heap after GC invocations=304 (full 0):
 garbage-first heap   total 288768K, used 114394K [0x64e00000, 0x64f00468, 0xa4e00000)
  region size 1024K, 4 young (4096K), 4 survivors (4096K)
 Metaspace       used 94820K, capacity 100993K, committed 101008K, reserved 101680K
}
Event: 10043,252 GC heap before
{Heap before GC invocations=304 (full 0):
 garbage-first heap   total 288768K, used 248538K [0x64e00000, 0x64f00468, 0xa4e00000)
  region size 1024K, 135 young (138240K), 4 survivors (4096K)
 Metaspace       used 95021K, capacity 101186K, committed 101264K, reserved 101680K
Event: 10043,277 GC heap after
Heap after GC invocations=305 (full 0):
 garbage-first heap   total 288768K, used 114680K [0x64e00000, 0x64f00468, 0xa4e00000)
  region size 1024K, 4 young (4096K), 4 survivors (4096K)
 Metaspace       used 95021K, capacity 101186K, committed 101264K, reserved 101680K
}

