# JRE version: OpenJDK Runtime Environment (8.0_171-b11) (build 1.8.0_171-8u171-b11-0ubuntu0.17.10.1-b11)
# Java VM: OpenJDK Server VM (25.171-b11 mixed mode linux-x86 )
Heap:
 garbage-first heap   total 290816K, used 198711K [0x64e00000, 0x64f00470, 0xa4e00000)
  region size 1024K, 80 young (81920K), 5 survivors (5120K)
 Metaspace       used 90636K, capacity 96661K, committed 96768K, reserved 97584K
GC Heap History (10 events):
Event: 3688,985 GC heap before
{Heap before GC invocations=188 (full 0):
 garbage-first heap   total 290816K, used 258103K [0x64e00000, 0x64f00470, 0xa4e00000)
  region size 1024K, 138 young (141312K), 4 survivors (4096K)
 Metaspace       used 89799K, capacity 95851K, committed 96000K, reserved 96560K
Event: 3688,997 GC heap after
Heap after GC invocations=189 (full 0):
 garbage-first heap   total 290816K, used 112183K [0x64e00000, 0x64f00470, 0xa4e00000)
  region size 1024K, 2 young (2048K), 2 survivors (2048K)
 Metaspace       used 89799K, capacity 95851K, committed 96000K, reserved 96560K
}
Event: 3697,535 GC heap before
{Heap before GC invocations=189 (full 0):
 garbage-first heap   total 290816K, used 256055K [0x64e00000, 0x64f00470, 0xa4e00000)
  region size 1024K, 139 young (142336K), 2 survivors (2048K)
 Metaspace       used 89817K, capacity 95885K, committed 96000K, reserved 96560K
Event: 3697,553 GC heap after
Heap after GC invocations=190 (full 0):
 garbage-first heap   total 290816K, used 114231K [0x64e00000, 0x64f00470, 0xa4e00000)
  region size 1024K, 4 young (4096K), 4 survivors (4096K)
 Metaspace       used 89817K, capacity 95885K, committed 96000K, reserved 96560K
}
Event: 3705,848 GC heap before
{Heap before GC invocations=190 (full 0):
 garbage-first heap   total 290816K, used 258615K [0x64e00000, 0x64f00470, 0xa4e00000)
  region size 1024K, 138 young (141312K), 4 survivors (4096K)
 Metaspace       used 89829K, capacity 95917K, committed 96128K, reserved 96560K
Event: 3705,861 GC heap after
Heap after GC invocations=191 (full 0):
 garbage-first heap   total 290816K, used 113719K [0x64e00000, 0x64f00470, 0xa4e00000)
  region size 1024K, 4 young (4096K), 4 survivors (4096K)
 Metaspace       used 89829K, capacity 95917K, committed 96128K, reserved 96560K
}
Event: 3718,240 GC heap before
{Heap before GC invocations=191 (full 0):
 garbage-first heap   total 290816K, used 258103K [0x64e00000, 0x64f00470, 0xa4e00000)
  region size 1024K, 138 young (141312K), 4 survivors (4096K)
 Metaspace       used 89841K, capacity 95917K, committed 96128K, reserved 96560K
Event: 3718,252 GC heap after
Heap after GC invocations=192 (full 0):
 garbage-first heap   total 290816K, used 113719K [0x64e00000, 0x64f00470, 0xa4e00000)
  region size 1024K, 4 young (4096K), 4 survivors (4096K)
 Metaspace       used 89841K, capacity 95917K, committed 96128K, reserved 96560K
}
Event: 3725,014 GC heap before
{Heap before GC invocations=192 (full 0):
 garbage-first heap   total 290816K, used 255543K [0x64e00000, 0x64f00470, 0xa4e00000)
  region size 1024K, 138 young (141312K), 4 survivors (4096K)
 Metaspace       used 90109K, capacity 96120K, committed 96256K, reserved 96560K
Event: 3725,046 GC heap after
Heap after GC invocations=193 (full 0):
 garbage-first heap   total 290816K, used 114743K [0x64e00000, 0x64f00470, 0xa4e00000)
  region size 1024K, 5 young (5120K), 5 survivors (5120K)
 Metaspace       used 90109K, capacity 96120K, committed 96256K, reserved 96560K
}

